{"/Users/amy/Documents/_Revelry/game_box/games/trivia-with-tests/src/game.js": {"path":"/Users/amy/Documents/_Revelry/game_box/games/trivia-with-tests/src/game.js","statementMap":{"0":{"start":{"line":4,"column":18},"end":{"line":4,"column":32}},"1":{"start":{"line":9,"column":4},"end":{"line":9,"column":37}},"2":{"start":{"line":10,"column":4},"end":{"line":10,"column":32}},"3":{"start":{"line":11,"column":4},"end":{"line":11,"column":84}},"4":{"start":{"line":12,"column":4},"end":{"line":17,"column":5}},"5":{"start":{"line":13,"column":6},"end":{"line":13,"column":30}},"6":{"start":{"line":15,"column":6},"end":{"line":15,"column":21}},"7":{"start":{"line":16,"column":6},"end":{"line":16,"column":50}},"8":{"start":{"line":16,"column":32},"end":{"line":16,"column":49}},"9":{"start":{"line":22,"column":4},"end":{"line":29,"column":5}},"10":{"start":{"line":24,"column":8},"end":{"line":24,"column":41}},"11":{"start":{"line":27,"column":8},"end":{"line":27,"column":45}},"12":{"start":{"line":33,"column":4},"end":{"line":33,"column":73}},"13":{"start":{"line":33,"column":40},"end":{"line":33,"column":73}},"14":{"start":{"line":35,"column":4},"end":{"line":35,"column":27}},"15":{"start":{"line":36,"column":4},"end":{"line":36,"column":42}},"16":{"start":{"line":38,"column":4},"end":{"line":39,"column":56}},"17":{"start":{"line":39,"column":6},"end":{"line":39,"column":56}},"18":{"start":{"line":41,"column":15},"end":{"line":41,"column":50}},"19":{"start":{"line":42,"column":21},"end":{"line":42,"column":46}},"20":{"start":{"line":43,"column":20},"end":{"line":45,"column":17}},"21":{"start":{"line":44,"column":6},"end":{"line":44,"column":94}},"22":{"start":{"line":47,"column":4},"end":{"line":47,"column":55}},"23":{"start":{"line":51,"column":19},"end":{"line":53,"column":17}},"24":{"start":{"line":52,"column":6},"end":{"line":52,"column":55}},"25":{"start":{"line":54,"column":4},"end":{"line":54,"column":50}},"26":{"start":{"line":58,"column":4},"end":{"line":58,"column":36}},"27":{"start":{"line":59,"column":4},"end":{"line":59,"column":74}},"28":{"start":{"line":59,"column":46},"end":{"line":59,"column":74}},"29":{"start":{"line":60,"column":20},"end":{"line":60,"column":50}},"30":{"start":{"line":61,"column":4},"end":{"line":61,"column":20}},"31":{"start":{"line":62,"column":4},"end":{"line":62,"column":18}},"32":{"start":{"line":67,"column":20},"end":{"line":67,"column":50}},"33":{"start":{"line":68,"column":4},"end":{"line":68,"column":55}},"34":{"start":{"line":68,"column":41},"end":{"line":68,"column":55}},"35":{"start":{"line":70,"column":4},"end":{"line":70,"column":71}},"36":{"start":{"line":71,"column":4},"end":{"line":71,"column":21}},"37":{"start":{"line":73,"column":4},"end":{"line":73,"column":18}},"38":{"start":{"line":77,"column":4},"end":{"line":77,"column":34}},"39":{"start":{"line":78,"column":4},"end":{"line":100,"column":5}},"40":{"start":{"line":81,"column":8},"end":{"line":94,"column":9}},"41":{"start":{"line":82,"column":10},"end":{"line":82,"column":28}},"42":{"start":{"line":83,"column":10},"end":{"line":91,"column":11}},"43":{"start":{"line":84,"column":12},"end":{"line":84,"column":25}},"44":{"start":{"line":86,"column":12},"end":{"line":90,"column":13}},"45":{"start":{"line":93,"column":10},"end":{"line":93,"column":54}},"46":{"start":{"line":95,"column":8},"end":{"line":95,"column":13}},"47":{"start":{"line":98,"column":8},"end":{"line":98,"column":13}},"48":{"start":{"line":104,"column":4},"end":{"line":104,"column":89}},"49":{"start":{"line":104,"column":41},"end":{"line":104,"column":89}},"50":{"start":{"line":106,"column":19},"end":{"line":106,"column":66}},"51":{"start":{"line":107,"column":20},"end":{"line":107,"column":38}},"52":{"start":{"line":108,"column":4},"end":{"line":112,"column":6}},"53":{"start":{"line":109,"column":6},"end":{"line":111,"column":7}},"54":{"start":{"line":110,"column":8},"end":{"line":110,"column":31}},"55":{"start":{"line":117,"column":4},"end":{"line":117,"column":33}}},"fnMap":{"0":{"name":"(anonymous_0)","decl":{"start":{"line":7,"column":2},"end":{"line":7,"column":3}},"loc":{"start":{"line":7,"column":21},"end":{"line":18,"column":3}},"line":7},"1":{"name":"(anonymous_1)","decl":{"start":{"line":16,"column":27},"end":{"line":16,"column":28}},"loc":{"start":{"line":16,"column":32},"end":{"line":16,"column":49}},"line":16},"2":{"name":"(anonymous_2)","decl":{"start":{"line":21,"column":2},"end":{"line":21,"column":3}},"loc":{"start":{"line":21,"column":18},"end":{"line":30,"column":3}},"line":21},"3":{"name":"(anonymous_3)","decl":{"start":{"line":32,"column":2},"end":{"line":32,"column":3}},"loc":{"start":{"line":32,"column":24},"end":{"line":48,"column":3}},"line":32},"4":{"name":"(anonymous_4)","decl":{"start":{"line":43,"column":37},"end":{"line":43,"column":38}},"loc":{"start":{"line":43,"column":51},"end":{"line":45,"column":5}},"line":43},"5":{"name":"(anonymous_5)","decl":{"start":{"line":50,"column":2},"end":{"line":50,"column":3}},"loc":{"start":{"line":50,"column":29},"end":{"line":55,"column":3}},"line":50},"6":{"name":"(anonymous_6)","decl":{"start":{"line":51,"column":47},"end":{"line":51,"column":48}},"loc":{"start":{"line":51,"column":57},"end":{"line":53,"column":5}},"line":51},"7":{"name":"(anonymous_7)","decl":{"start":{"line":57,"column":2},"end":{"line":57,"column":3}},"loc":{"start":{"line":57,"column":21},"end":{"line":63,"column":3}},"line":57},"8":{"name":"(anonymous_8)","decl":{"start":{"line":65,"column":2},"end":{"line":65,"column":3}},"loc":{"start":{"line":65,"column":28},"end":{"line":74,"column":3}},"line":65},"9":{"name":"(anonymous_9)","decl":{"start":{"line":76,"column":2},"end":{"line":76,"column":3}},"loc":{"start":{"line":76,"column":14},"end":{"line":101,"column":3}},"line":76},"10":{"name":"(anonymous_10)","decl":{"start":{"line":103,"column":2},"end":{"line":103,"column":3}},"loc":{"start":{"line":103,"column":16},"end":{"line":114,"column":3}},"line":103},"11":{"name":"(anonymous_11)","decl":{"start":{"line":108,"column":33},"end":{"line":108,"column":34}},"loc":{"start":{"line":108,"column":43},"end":{"line":112,"column":5}},"line":108},"12":{"name":"(anonymous_12)","decl":{"start":{"line":116,"column":2},"end":{"line":116,"column":3}},"loc":{"start":{"line":116,"column":11},"end":{"line":119,"column":3}},"line":116}},"branchMap":{"0":{"loc":{"start":{"line":9,"column":19},"end":{"line":9,"column":37}},"type":"binary-expr","locations":[{"start":{"line":9,"column":19},"end":{"line":9,"column":32}},{"start":{"line":9,"column":36},"end":{"line":9,"column":37}}],"line":9},"1":{"loc":{"start":{"line":11,"column":17},"end":{"line":11,"column":84}},"type":"binary-expr","locations":[{"start":{"line":11,"column":17},"end":{"line":11,"column":28}},{"start":{"line":11,"column":32},"end":{"line":11,"column":84}}],"line":11},"2":{"loc":{"start":{"line":12,"column":4},"end":{"line":17,"column":5}},"type":"if","locations":[{"start":{"line":12,"column":4},"end":{"line":17,"column":5}},{"start":{"line":14,"column":11},"end":{"line":17,"column":5}}],"line":12},"3":{"loc":{"start":{"line":22,"column":4},"end":{"line":29,"column":5}},"type":"switch","locations":[{"start":{"line":23,"column":6},"end":{"line":25,"column":7}},{"start":{"line":26,"column":6},"end":{"line":28,"column":7}}],"line":22},"4":{"loc":{"start":{"line":33,"column":4},"end":{"line":33,"column":73}},"type":"if","locations":[{"start":{"line":33,"column":4},"end":{"line":33,"column":73}},{"start":{},"end":{}}],"line":33},"5":{"loc":{"start":{"line":38,"column":4},"end":{"line":39,"column":56}},"type":"if","locations":[{"start":{"line":38,"column":4},"end":{"line":39,"column":56}},{"start":{},"end":{}}],"line":38},"6":{"loc":{"start":{"line":59,"column":4},"end":{"line":59,"column":74}},"type":"if","locations":[{"start":{"line":59,"column":4},"end":{"line":59,"column":74}},{"start":{},"end":{}}],"line":59},"7":{"loc":{"start":{"line":68,"column":4},"end":{"line":68,"column":55}},"type":"if","locations":[{"start":{"line":68,"column":4},"end":{"line":68,"column":55}},{"start":{},"end":{}}],"line":68},"8":{"loc":{"start":{"line":78,"column":4},"end":{"line":100,"column":5}},"type":"switch","locations":[{"start":{"line":79,"column":6},"end":{"line":96,"column":7}},{"start":{"line":97,"column":6},"end":{"line":99,"column":7}}],"line":78},"9":{"loc":{"start":{"line":81,"column":8},"end":{"line":94,"column":9}},"type":"if","locations":[{"start":{"line":81,"column":8},"end":{"line":94,"column":9}},{"start":{"line":92,"column":15},"end":{"line":94,"column":9}}],"line":81},"10":{"loc":{"start":{"line":83,"column":10},"end":{"line":91,"column":11}},"type":"if","locations":[{"start":{"line":83,"column":10},"end":{"line":91,"column":11}},{"start":{"line":85,"column":17},"end":{"line":91,"column":11}}],"line":83},"11":{"loc":{"start":{"line":104,"column":4},"end":{"line":104,"column":89}},"type":"if","locations":[{"start":{"line":104,"column":4},"end":{"line":104,"column":89}},{"start":{},"end":{}}],"line":104},"12":{"loc":{"start":{"line":109,"column":6},"end":{"line":111,"column":7}},"type":"if","locations":[{"start":{"line":109,"column":6},"end":{"line":111,"column":7}},{"start":{},"end":{}}],"line":109}},"s":{"0":1,"1":7,"2":7,"3":7,"4":7,"5":3,"6":4,"7":4,"8":8,"9":4,"10":2,"11":1,"12":2,"13":0,"14":2,"15":2,"16":2,"17":1,"18":1,"19":1,"20":1,"21":4,"22":1,"23":1,"24":2,"25":1,"26":1,"27":1,"28":0,"29":1,"30":1,"31":1,"32":1,"33":1,"34":0,"35":1,"36":1,"37":1,"38":1,"39":1,"40":1,"41":0,"42":0,"43":0,"44":0,"45":1,"46":1,"47":0,"48":0,"49":0,"50":0,"51":0,"52":0,"53":0,"54":0,"55":0},"f":{"0":7,"1":8,"2":4,"3":2,"4":4,"5":1,"6":2,"7":1,"8":1,"9":1,"10":0,"11":0,"12":0},"b":{"0":[7,4],"1":[7,3],"2":[3,4],"3":[2,1],"4":[0,2],"5":[1,1],"6":[0,1],"7":[0,1],"8":[1,0],"9":[0,1],"10":[0,0],"11":[0,0],"12":[0,0]},"_coverageSchema":"1a1c01bbd47fc00a2c39e90264f33305004495a9","hash":"bab7544a1bd3c1729c8394fbc4381246fd92a498"}
,"/Users/amy/Documents/_Revelry/game_box/games/trivia-with-tests/src/questions.js": {"path":"/Users/amy/Documents/_Revelry/game_box/games/trivia-with-tests/src/questions.js","statementMap":{"0":{"start":{"line":4,"column":2},"end":{"line":4,"column":13}}},"fnMap":{"0":{"name":"getQuestions","decl":{"start":{"line":3,"column":16},"end":{"line":3,"column":28}},"loc":{"start":{"line":3,"column":31},"end":{"line":5,"column":1}},"line":3}},"branchMap":{},"s":{"0":1},"f":{"0":1},"b":{},"_coverageSchema":"1a1c01bbd47fc00a2c39e90264f33305004495a9","hash":"d170994a474ff389a9f48b760520cc7059683100"}
}
