TN:
SF:src/game.js
FN:7,(anonymous_0)
FN:16,(anonymous_1)
FN:21,(anonymous_2)
FN:32,(anonymous_3)
FN:43,(anonymous_4)
FN:50,(anonymous_5)
FN:51,(anonymous_6)
FN:57,(anonymous_7)
FN:65,(anonymous_8)
FN:76,(anonymous_9)
FN:103,(anonymous_10)
FN:108,(anonymous_11)
FN:116,(anonymous_12)
FNF:13
FNH:10
FNDA:7,(anonymous_0)
FNDA:8,(anonymous_1)
FNDA:4,(anonymous_2)
FNDA:2,(anonymous_3)
FNDA:4,(anonymous_4)
FNDA:1,(anonymous_5)
FNDA:2,(anonymous_6)
FNDA:1,(anonymous_7)
FNDA:1,(anonymous_8)
FNDA:1,(anonymous_9)
FNDA:0,(anonymous_10)
FNDA:0,(anonymous_11)
FNDA:0,(anonymous_12)
DA:4,1
DA:9,7
DA:10,7
DA:11,7
DA:12,7
DA:13,3
DA:15,4
DA:16,8
DA:22,4
DA:24,2
DA:27,1
DA:33,2
DA:35,2
DA:36,2
DA:38,2
DA:39,1
DA:41,1
DA:42,1
DA:43,1
DA:44,4
DA:47,1
DA:51,1
DA:52,2
DA:54,1
DA:58,1
DA:59,1
DA:60,1
DA:61,1
DA:62,1
DA:67,1
DA:68,1
DA:70,1
DA:71,1
DA:73,1
DA:77,1
DA:78,1
DA:81,1
DA:82,0
DA:83,0
DA:84,0
DA:86,0
DA:93,1
DA:95,1
DA:98,0
DA:104,0
DA:106,0
DA:107,0
DA:108,0
DA:109,0
DA:110,0
DA:117,0
LF:51
LH:39
BRDA:9,0,0,7
BRDA:9,0,1,4
BRDA:11,1,0,7
BRDA:11,1,1,3
BRDA:12,2,0,3
BRDA:12,2,1,4
BRDA:22,3,0,2
BRDA:22,3,1,1
BRDA:33,4,0,0
BRDA:33,4,1,2
BRDA:38,5,0,1
BRDA:38,5,1,1
BRDA:59,6,0,0
BRDA:59,6,1,1
BRDA:68,7,0,0
BRDA:68,7,1,1
BRDA:78,8,0,1
BRDA:78,8,1,0
BRDA:81,9,0,0
BRDA:81,9,1,1
BRDA:83,10,0,0
BRDA:83,10,1,0
BRDA:104,11,0,0
BRDA:104,11,1,0
BRDA:109,12,0,0
BRDA:109,12,1,0
BRF:26
BRH:15
end_of_record
TN:
SF:src/questions.js
FN:3,getQuestions
FNF:1
FNH:1
FNDA:1,getQuestions
DA:4,1
LF:1
LH:1
BRF:0
BRH:0
end_of_record
